生成启动时间为 1/19/2020 3:18:52 PM。
     1>项目“C:\Users\lxie\Desktop\DemoCode\C\VmbJNI\VmbJNI\VmbJNI.vcxproj”在节点 2 上(build 个目标)。
     1>InitializeBuildStatus:
         正在创建“x64\Debug\VmbJNI.unsuccessfulbuild”，因为已指定“AlwaysCreate”。
       ClCompile:
         所有输出均为最新。
         C:\Program Files (x86)\Microsoft Visual Studio 10.0\VC\bin\x86_amd64\CL.exe /c /I"C:\Program Files\Java\jdk1.8.0_231\include" /I"C:\Program Files\Java\jdk1.8.0_231\include\win32" /Zi /nologo /W3 /WX- /Od /D WIN32 /D _DEBUG /D _WINDOWS /D _USRDLL /D VMBJNI_EXPORTS /D _WINDLL /D _UNICODE /D UNICODE /Gm /EHsc /RTC1 /MDd /GS /fp:precise /Zc:wchar_t /Zc:forScope /Fo"x64\Debug\\" /Fd"x64\Debug\vc100.pdb" /Gd /TP /errorReport:prompt VimbaWrap.cpp
         VimbaWrap.cpp
         所有输出均为最新。
       ManifestResourceCompile:
         所有输出均为最新。
       Link:
         C:\Program Files (x86)\Microsoft Visual Studio 10.0\VC\bin\x86_amd64\link.exe /ERRORREPORT:PROMPT /OUT:"C:\Users\lxie\Desktop\DemoCode\C\VmbJNI\x64\Debug\VmbJNI.dll" /INCREMENTAL /NOLOGO kernel32.lib user32.lib gdi32.lib winspool.lib comdlg32.lib advapi32.lib shell32.lib ole32.lib oleaut32.lib uuid.lib odbc32.lib odbccp32.lib /MANIFEST /ManifestFile:"x64\Debug\VmbJNI.dll.intermediate.manifest" /MANIFESTUAC:"level='asInvoker' uiAccess='false'" /DEBUG /PDB:"C:\Users\lxie\Desktop\DemoCode\C\VmbJNI\x64\Debug\VmbJNI.pdb" /SUBSYSTEM:WINDOWS /TLBID:1 /DYNAMICBASE /NXCOMPAT /IMPLIB:"C:\Users\lxie\Desktop\DemoCode\C\VmbJNI\x64\Debug\VmbJNI.lib" /MACHINE:X64 /DLL x64\Debug\VmbJNI.dll.embed.manifest.res
         x64\Debug\Bitmap.obj
         x64\Debug\dllmain.obj
         x64\Debug\stdafx.obj
         x64\Debug\VimbaWrap.obj
         VmbJNI.vcxproj -> C:\Users\lxie\Desktop\DemoCode\C\VmbJNI\x64\Debug\VmbJNI.dll
       Manifest:
         C:\Program Files (x86)\Microsoft SDKs\Windows\v7.0A\bin\mt.exe /nologo /verbose /out:"x64\Debug\VmbJNI.dll.embed.manifest" /manifest x64\Debug\VmbJNI.dll.intermediate.manifest
         所有输出均为最新。
       LinkEmbedManifest:
         所有输出均为最新。
         VmbJNI.vcxproj -> C:\Users\lxie\Desktop\DemoCode\C\VmbJNI\x64\Debug\VmbJNI.dll
       FinalizeBuildStatus:
         正在删除文件“x64\Debug\VmbJNI.unsuccessfulbuild”。
         正在对“x64\Debug\VmbJNI.lastbuildstate”执行 Touch 任务。
     1>已完成生成项目“C:\Users\lxie\Desktop\DemoCode\C\VmbJNI\VmbJNI\VmbJNI.vcxproj”(build 个目标)的操作。

生成成功。

已用时间 00:00:01.49
