C:\Users\lxie\Desktop\DemoCode\C\VmbJNI\VmbJNI\x64\Debug\cl.command.1.tlog
C:\Users\lxie\Desktop\DemoCode\C\VmbJNI\VmbJNI\x64\Debug\CL.read.1.tlog
C:\Users\lxie\Desktop\DemoCode\C\VmbJNI\VmbJNI\x64\Debug\CL.write.1.tlog
C:\USERS\LXIE\DESKTOP\DEMOCODE\C\VMBJNI\VMBJNI\X64\DEBUG\DLLMAIN.OBJ
C:\Users\lxie\Desktop\DemoCode\C\VmbJNI\VmbJNI\x64\Debug\link.4220.read.1.tlog
C:\Users\lxie\Desktop\DemoCode\C\VmbJNI\VmbJNI\x64\Debug\link.4220.write.1.tlog
C:\Users\lxie\Desktop\DemoCode\C\VmbJNI\VmbJNI\x64\Debug\link.4220-cvtres.read.1.tlog
C:\Users\lxie\Desktop\DemoCode\C\VmbJNI\VmbJNI\x64\Debug\link.4220-cvtres.write.1.tlog
C:\Users\lxie\Desktop\DemoCode\C\VmbJNI\VmbJNI\x64\Debug\link.command.1.tlog
C:\Users\lxie\Desktop\DemoCode\C\VmbJNI\VmbJNI\x64\Debug\link.read.1.tlog
C:\Users\lxie\Desktop\DemoCode\C\VmbJNI\VmbJNI\x64\Debug\link.write.1.tlog
C:\Users\lxie\Desktop\DemoCode\C\VmbJNI\VmbJNI\x64\Debug\link-cvtres.read.1.tlog
C:\Users\lxie\Desktop\DemoCode\C\VmbJNI\VmbJNI\x64\Debug\link-cvtres.write.1.tlog
C:\Users\lxie\Desktop\DemoCode\C\VmbJNI\VmbJNI\x64\Debug\mt.command.1.tlog
C:\Users\lxie\Desktop\DemoCode\C\VmbJNI\VmbJNI\x64\Debug\mt.read.1.tlog
C:\Users\lxie\Desktop\DemoCode\C\VmbJNI\VmbJNI\x64\Debug\mt.write.1.tlog
C:\Users\lxie\Desktop\DemoCode\C\VmbJNI\VmbJNI\x64\Debug\rc.command.1.tlog
C:\Users\lxie\Desktop\DemoCode\C\VmbJNI\VmbJNI\x64\Debug\rc.read.1.tlog
C:\Users\lxie\Desktop\DemoCode\C\VmbJNI\VmbJNI\x64\Debug\rc.write.1.tlog
C:\USERS\LXIE\DESKTOP\DEMOCODE\C\VMBJNI\VMBJNI\X64\DEBUG\STDAFX.OBJ
C:\Users\lxie\Desktop\DemoCode\C\VmbJNI\VmbJNI\x64\Debug\vc100.idb
C:\USERS\LXIE\DESKTOP\DEMOCODE\C\VMBJNI\VMBJNI\X64\DEBUG\VC100.PDB
C:\USERS\LXIE\DESKTOP\DEMOCODE\C\VMBJNI\VMBJNI\X64\DEBUG\VIMBAWRAP.OBJ
C:\USERS\LXIE\DESKTOP\DEMOCODE\C\VMBJNI\VMBJNI\X64\DEBUG\VMBJNI.DLL.EMBED.MANIFEST
C:\USERS\LXIE\DESKTOP\DEMOCODE\C\VMBJNI\VMBJNI\X64\DEBUG\VMBJNI.DLL.EMBED.MANIFEST.RES
C:\USERS\LXIE\DESKTOP\DEMOCODE\C\VMBJNI\VMBJNI\X64\DEBUG\VMBJNI.DLL.INTERMEDIATE.MANIFEST
C:\USERS\LXIE\DESKTOP\DEMOCODE\C\VMBJNI\VMBJNI\X64\DEBUG\VMBJNI.PCH
C:\Users\lxie\Desktop\DemoCode\C\VmbJNI\VmbJNI\x64\Debug\VmbJNI.vcxprojResolveAssemblyReference.cache
C:\Users\lxie\Desktop\DemoCode\C\VmbJNI\VmbJNI\x64\Debug\VmbJNI.write.1.tlog
C:\Users\lxie\Desktop\DemoCode\C\VmbJNI\VmbJNI\x64\Debug\VmbJNI_manifest.rc
C:\USERS\LXIE\DESKTOP\DEMOCODE\C\VMBJNI\X64\DEBUG\VMBJNI.DLL
C:\Users\lxie\Desktop\DemoCode\C\VmbJNI\x64\Debug\VmbJNI.exp
C:\USERS\LXIE\DESKTOP\DEMOCODE\C\VMBJNI\X64\DEBUG\VMBJNI.ILK
C:\Users\lxie\Desktop\DemoCode\C\VmbJNI\x64\Debug\VmbJNI.lib
C:\USERS\LXIE\DESKTOP\DEMOCODE\C\VMBJNI\X64\DEBUG\VMBJNI.PDB
